This is TeX, Version 3.14159 (Web2C 7.4.5) (format=latex 2003.9.20)  21 OCT 2003 08:27
**refman.tex
(./refman.tex
LaTeX2e <2001/06/01>
Babel <v3.7h> and hyphenation patterns for american, nohyphenation, loaded.
(/usr/share/texmf/tex/latex/base/book.cls
Document Class: book 2001/04/21 v1.4e Standard LaTeX document class
(/usr/share/texmf/tex/latex/base/bk10.clo
File: bk10.clo 2001/04/21 v1.4e Standard LaTeX file (size option)
)
\c@part=\count79
\c@chapter=\count80
\c@section=\count81
\c@subsection=\count82
\c@subsubsection=\count83
\c@paragraph=\count84
\c@subparagraph=\count85
\c@figure=\count86
\c@table=\count87
\abovecaptionskip=\skip41
\belowcaptionskip=\skip42
\bibindent=\dimen102
)
(/usr/share/texmf/tex/latex/misc/a4wide.sty
Package: a4wide 1994/08/30

(/usr/share/texmf/tex/latex/ntgclass/a4.sty
Package: a4 1999/03/03 v1.2f A4 based page layout
))
(/usr/share/texmf/tex/latex/base/makeidx.sty
Package: makeidx 2000/03/29 v1.0m Standard LaTeX package
)
(/usr/share/texmf/tex/latex/fancyhdr/fancyhdr.sty
\headwidth=\dimen103
)
(/usr/share/texmf/tex/latex/graphics/graphicx.sty
Package: graphicx 1999/02/16 v1.0f Enhanced LaTeX Graphics (DPC,SPQR)

(/usr/share/texmf/tex/latex/graphics/keyval.sty
Package: keyval 1999/03/16 v1.13 key=value parser (DPC)
\KV@toks@=\toks14
)
(/usr/share/texmf/tex/latex/graphics/graphics.sty
Package: graphics 2001/07/07 v1.0n Standard LaTeX Graphics (DPC,SPQR)

(/usr/share/texmf/tex/latex/graphics/trig.sty
Package: trig 1999/03/16 v1.09 sin cos tan (DPC)
)
(/usr/share/texmf/tex/latex/config/graphics.cfg
File: graphics.cfg 2001/08/31 v1.1 graphics configuration of teTeX/TeXLive
)
Package graphics Info: Driver file: dvips.def on input line 80.

(/usr/share/texmf/tex/latex/graphics/dvips.def
File: dvips.def 1999/02/16 v3.0i Driver-dependant file (DPC,SPQR)
))
\Gin@req@height=\dimen104
\Gin@req@width=\dimen105
)
(/usr/share/texmf/tex/latex/tools/multicol.sty
Package: multicol 2000/07/10 v1.5z multicolumn formatting (FMi)
\c@tracingmulticols=\count88
\mult@box=\box26
\multicol@leftmargin=\dimen106
\c@unbalance=\count89
\c@collectmore=\count90
\doublecol@number=\count91
\multicoltolerance=\count92
\multicolpretolerance=\count93
\full@width=\dimen107
\page@free=\dimen108
\premulticols=\dimen109
\postmulticols=\dimen110
\multicolsep=\skip43
\multicolbaselineskip=\skip44
\partial@page=\box27
\last@line=\box28
\mult@rightbox=\box29
\mult@grightbox=\box30
\mult@gfirstbox=\box31
\mult@firstbox=\box32
\@tempa=\box33
\@tempa=\box34
\@tempa=\box35
\@tempa=\box36
\@tempa=\box37
\@tempa=\box38
\@tempa=\box39
\@tempa=\box40
\@tempa=\box41
\@tempa=\box42
\@tempa=\box43
\@tempa=\box44
\@tempa=\box45
\@tempa=\box46
\@tempa=\box47
\@tempa=\box48
\@tempa=\box49
\c@columnbadness=\count94
\c@finalcolumnbadness=\count95
\last@try=\dimen111
\multicolovershoot=\dimen112
\multicolundershoot=\dimen113
\mult@nat@firstbox=\box50
\colbreak@box=\box51
)
(/usr/share/texmf/tex/latex/misc/float.sty
Package: float 2001/11/08 v1.3d Float enhancements (AL)
\c@float@type=\count96
\float@exts=\toks15
\float@box=\box52
\@float@everytoks=\toks16
\@floatcapt=\box53
)
(/usr/share/texmf/tex/latex/base/textcomp.sty
Package: textcomp 2001/06/05 v1.94 Standard LaTeX package

(/usr/share/texmf/tex/latex/base/ts1enc.def
File: ts1enc.def 2001/06/05 v3.0e (jk/car/fm) Standard LaTeX file
))
(/usr/share/texmf/tex/latex/base/alltt.sty
Package: alltt 1997/06/16 v2.0g defines alltt environment
) (./doxygen.sty
Package: doxygen 

(/usr/share/texmf/tex/latex/tools/calc.sty
Package: calc 1998/07/07 v4.1b Infix arithmetic (KKT,FJ)
\calc@Acount=\count97
\calc@Bcount=\count98
\calc@Adimen=\dimen114
\calc@Bdimen=\dimen115
\calc@Askip=\skip45
\calc@Bskip=\skip46
LaTeX Info: Redefining \setlength on input line 59.
LaTeX Info: Redefining \addtolength on input line 60.
\calc@denominator=\count99
)
(/usr/share/texmf/tex/latex/tools/array.sty
Package: array 1998/05/13 v2.3m Tabular extension package (FMi)
\col@sep=\dimen116
\extrarowheight=\dimen117
\NC@list=\toks17
\extratabsurround=\skip47
\backup@length=\skip48
)
\tmplength=\skip49
)
(/usr/share/texmf/tex/latex/base/fontenc.sty
Package: fontenc 2001/06/05 v1.94 Standard LaTeX package

(/usr/share/texmf/tex/latex/base/t1enc.def
File: t1enc.def 2001/06/05 v1.94 Standard LaTeX file
LaTeX Font Info:    Redeclaring font encoding T1 on input line 38.
))
\@indexfile=\write3
\openout3 = `refman.idx'.


Writing index file refman.idx
(./refman.aux (./group__install.aux) (./group__building.aux)
(./structFishSoundInfo.aux) (./fishsound_8h.aux))
\openout1 = `refman.aux'.

LaTeX Font Info:    Checking defaults for OML/cmm/m/it on input line 14.
LaTeX Font Info:    ... okay on input line 14.
LaTeX Font Info:    Checking defaults for T1/cmr/m/n on input line 14.
LaTeX Font Info:    ... okay on input line 14.
LaTeX Font Info:    Checking defaults for OT1/cmr/m/n on input line 14.
LaTeX Font Info:    ... okay on input line 14.
LaTeX Font Info:    Checking defaults for OMS/cmsy/m/n on input line 14.
LaTeX Font Info:    ... okay on input line 14.
LaTeX Font Info:    Checking defaults for OMX/cmex/m/n on input line 14.
LaTeX Font Info:    ... okay on input line 14.
LaTeX Font Info:    Checking defaults for U/cmr/m/n on input line 14.
LaTeX Font Info:    ... okay on input line 14.
LaTeX Font Info:    Checking defaults for TS1/cmr/m/n on input line 14.
LaTeX Font Info:    Try loading font information for TS1+cmr on input line 14.

(/usr/share/texmf/tex/latex/base/ts1cmr.fd
File: ts1cmr.fd 1999/05/25 v2.5h Standard LaTeX font definitions
)
LaTeX Font Info:    ... okay on input line 14.
 [1


] [2

] (./refman.toc
LaTeX Font Info:    External font `cmex10' loaded for size
(Font)              <7> on input line 2.
LaTeX Font Info:    External font `cmex10' loaded for size
(Font)              <5> on input line 2.
)
\tf@toc=\write4
\openout4 = `refman.toc'.

 [1

] [2

]
Chapter 1.
(./index.tex
Underfull \hbox (badness 10000) in paragraph at lines 2--2

 []

LaTeX Font Info:    Try loading font information for T1+cmtt on input line 20.
(/usr/share/texmf/tex/latex/base/t1cmtt.fd
File: t1cmtt.fd 1999/05/25 v2.5h Standard LaTeX font definitions
) [1

]) [2]
Chapter 2.
(./modules.tex) [3

] [4

]
Chapter 3.
(./annotated.tex) [5] [6

]
Chapter 4.
(./files.tex) [7] [8

]
Chapter 5.
(./group__configuration.tex [9]) [10]
\openout2 = `group__install.aux'.

 (./group__install.tex
Underfull \vbox (badness 2846) has occurred while \output is active []

 [11

]
Underfull \vbox (badness 10000) has occurred while \output is active []

 [12])
[13]
\openout2 = `group__building.aux'.

 (./group__building.tex) [14


]
Chapter 6.
(./structFishSoundFormat.tex) [15


]
\openout2 = `structFishSoundInfo.aux'.

 (./structFishSoundInfo.tex) [16

]
Chapter 7.
(./constants_8h.tex
Underfull \hbox (badness 5548) in paragraph at lines 17--22
[]\T1/cmr/m/n/10 enum \T1/cmr/bx/n/10 Fish-Sound-Format \T1/cmr/m/n/10 { \T1/cm
r/bx/n/10 FISH_-SOUND_-UNKNOWN \T1/cmr/m/n/10 = 0x00, \T1/cmr/bx/n/10 FISH_-
 []


Underfull \hbox (badness 1442) in paragraph at lines 23--27
\T1/cmr/m/n/10 0x1000, \T1/cmr/bx/n/10 FISH_-SOUND_-GET_-DECODE_-INTERLEAVE \T1
/cmr/m/n/10 = 0x2000, \T1/cmr/bx/n/10 FISH_-
 []


Underfull \hbox (badness 10000) in paragraph at lines 28--31
[]\T1/cmr/bx/n/10 FISH_-SOUND_-SET_-ENCODE_-VBR \T1/cmr/m/n/10 = 0x4000, \T1/cm
r/bx/n/10 FISH_-SOUND_-
 []


Underfull \hbox (badness 10000) in paragraph at lines 41--41

 []


Underfull \hbox (badness 10000) in paragraph at lines 60--60

 []

[17


]
Underfull \hbox (badness 10000) in paragraph at lines 77--77

 []

) [18]
\openout2 = `fishsound_8h.aux'.

 (./fishsound_8h.tex [19

]
LaTeX Font Info:    External font `cmex10' loaded for size
(Font)              <9> on input line 37.
LaTeX Font Info:    External font `cmex10' loaded for size
(Font)              <6> on input line 37.

Underfull \hbox (badness 10000) in paragraph at lines 65--65

 []


Underfull \hbox (badness 10000) in paragraph at lines 70--70

 []

[20]
Underfull \hbox (badness 10000) in paragraph at lines 79--79

 []


Underfull \hbox (badness 10000) in paragraph at lines 84--84

 []


Underfull \hbox (badness 10000) in paragraph at lines 96--96

 []


Underfull \hbox (badness 10000) in paragraph at lines 101--101

 []


Underfull \hbox (badness 10000) in paragraph at lines 110--110

 []


Underfull \hbox (badness 10000) in paragraph at lines 115--115

 []


Underfull \hbox (badness 10000) in paragraph at lines 124--124

 []

[21]
Underfull \hbox (badness 10000) in paragraph at lines 129--129

 []


Underfull \hbox (badness 10000) in paragraph at lines 138--138

 []


Underfull \hbox (badness 10000) in paragraph at lines 143--143

 []


Underfull \hbox (badness 10000) in paragraph at lines 152--152

 []


Underfull \hbox (badness 10000) in paragraph at lines 157--157

 []


Underfull \hbox (badness 10000) in paragraph at lines 166--166

 []


Underfull \hbox (badness 10000) in paragraph at lines 171--171

 []


Underfull \hbox (badness 10000) in paragraph at lines 173--173

 []


Underfull \hbox (badness 10000) in paragraph at lines 182--182

 []

[22]
Underfull \hbox (badness 10000) in paragraph at lines 187--187

 []


Underfull \hbox (badness 10000) in paragraph at lines 196--196

 []


Underfull \hbox (badness 10000) in paragraph at lines 201--201

 []


Underfull \hbox (badness 10000) in paragraph at lines 210--210

 []


Underfull \hbox (badness 10000) in paragraph at lines 215--215

 []


Underfull \hbox (badness 10000) in paragraph at lines 224--224

 []


Underfull \hbox (badness 10000) in paragraph at lines 229--229

 []

) [23] (./refman.ind
Underfull \hbox (badness 10000) in paragraph at lines 9--10
[]| \T1/cmr/m/n/10 FISH_-SOUND_-COMMAND_-NOP,
 []


Underfull \hbox (badness 10000) in paragraph at lines 12--13
[]| \T1/cmr/m/n/10 FISH_-SOUND_-GET_-DECODE_-
 []


Underfull \hbox (badness 10000) in paragraph at lines 14--15
[]| \T1/cmr/m/n/10 FISH_-SOUND_-SET_-DECODE_-
 []


Underfull \hbox (badness 10000) in paragraph at lines 40--41
[]\T1/cmr/m/n/10 FISH_-SOUND_-GET_-DECODE_-
 []


Underfull \hbox (badness 10000) in paragraph at lines 50--51
[]\T1/cmr/m/n/10 FISH_-SOUND_-SET_-DECODE_-
 []

[24


]) (./refman.aux (./group__install.aux) (./group__building.aux)
(./structFishSoundInfo.aux) (./fishsound_8h.aux)) ) 
Here is how much of TeX's memory you used:
 1713 strings out of 95870
 21987 string characters out of 1196419
 69141 words of memory out of 1000001
 4567 multiletter control sequences out of 10000+50000
 18152 words of font info for 39 fonts, out of 500000 for 1000
 14 hyphenation exceptions out of 1000
 30i,10n,43p,553b,537s stack positions out of 1500i,500n,5000p,200000b,5000s

Output written on refman.dvi (28 pages, 47512 bytes).
